Performing C SOURCE FILE Test CMAKE_HAVE_LIBC_PTHREAD failed with the following output:
Change Dir: /home/astirl/Documents/capstone/build/CMakeFiles/CMakeTmp

Run Build Command(s):/usr/bin/make cmTC_eb67f/fast && /usr/bin/make -f CMakeFiles/cmTC_eb67f.dir/build.make CMakeFiles/cmTC_eb67f.dir/build
make[1]: Entering directory '/home/astirl/Documents/capstone/build/CMakeFiles/CMakeTmp'
Building C object CMakeFiles/cmTC_eb67f.dir/src.c.o
/usr/bin/gcc-8   -DCMAKE_HAVE_LIBC_PTHREAD   -o CMakeFiles/cmTC_eb67f.dir/src.c.o   -c /home/astirl/Documents/capstone/build/CMakeFiles/CMakeTmp/src.c
Linking C executable cmTC_eb67f
/usr/bin/cmake -E cmake_link_script CMakeFiles/cmTC_eb67f.dir/link.txt --verbose=1
/usr/bin/gcc-8  -DCMAKE_HAVE_LIBC_PTHREAD    CMakeFiles/cmTC_eb67f.dir/src.c.o  -o cmTC_eb67f 
/usr/bin/ld: CMakeFiles/cmTC_eb67f.dir/src.c.o: in function `main':
src.c:(.text+0x46): undefined reference to `pthread_create'
/usr/bin/ld: src.c:(.text+0x52): undefined reference to `pthread_detach'
/usr/bin/ld: src.c:(.text+0x63): undefined reference to `pthread_join'
collect2: error: ld returned 1 exit status
make[1]: *** [CMakeFiles/cmTC_eb67f.dir/build.make:87: cmTC_eb67f] Error 1
make[1]: Leaving directory '/home/astirl/Documents/capstone/build/CMakeFiles/CMakeTmp'
make: *** [Makefile:121: cmTC_eb67f/fast] Error 2


Source file was:
#include <pthread.h>

void* test_func(void* data)
{
  return data;
}

int main(void)
{
  pthread_t thread;
  pthread_create(&thread, NULL, test_func, NULL);
  pthread_detach(thread);
  pthread_join(thread, NULL);
  pthread_atfork(NULL, NULL, NULL);
  pthread_exit(NULL);

  return 0;
}

Determining if the function pthread_create exists in the pthreads failed with the following output:
Change Dir: /home/astirl/Documents/capstone/build/CMakeFiles/CMakeTmp

Run Build Command(s):/usr/bin/make cmTC_d0b6c/fast && /usr/bin/make -f CMakeFiles/cmTC_d0b6c.dir/build.make CMakeFiles/cmTC_d0b6c.dir/build
make[1]: Entering directory '/home/astirl/Documents/capstone/build/CMakeFiles/CMakeTmp'
Building C object CMakeFiles/cmTC_d0b6c.dir/CheckFunctionExists.c.o
/usr/bin/gcc-8   -DCHECK_FUNCTION_EXISTS=pthread_create   -o CMakeFiles/cmTC_d0b6c.dir/CheckFunctionExists.c.o   -c /usr/share/cmake-3.16/Modules/CheckFunctionExists.c
Linking C executable cmTC_d0b6c
/usr/bin/cmake -E cmake_link_script CMakeFiles/cmTC_d0b6c.dir/link.txt --verbose=1
/usr/bin/gcc-8  -DCHECK_FUNCTION_EXISTS=pthread_create    CMakeFiles/cmTC_d0b6c.dir/CheckFunctionExists.c.o  -o cmTC_d0b6c  -lpthreads 
/usr/bin/ld: cannot find -lpthreads
collect2: error: ld returned 1 exit status
make[1]: *** [CMakeFiles/cmTC_d0b6c.dir/build.make:87: cmTC_d0b6c] Error 1
make[1]: Leaving directory '/home/astirl/Documents/capstone/build/CMakeFiles/CMakeTmp'
make: *** [Makefile:121: cmTC_d0b6c/fast] Error 2



